Determining if the pthread_create exist failed with the following output:
Change Dir: /home/odroid/ros_workspace/rosmake_workspace/image_zeromq_to_ros/build/CMakeFiles/CMakeTmp

Run Build Command:/usr/bin/make "cmTryCompileExec956581533/fast"
make[1]: Entering directory `/home/odroid/ros_workspace/rosmake_workspace/image_zeromq_to_ros/build/CMakeFiles/CMakeTmp'
/usr/bin/make -f CMakeFiles/cmTryCompileExec956581533.dir/build.make CMakeFiles/cmTryCompileExec956581533.dir/build
make[2]: Entering directory `/home/odroid/ros_workspace/rosmake_workspace/image_zeromq_to_ros/build/CMakeFiles/CMakeTmp'
/usr/bin/cmake -E cmake_progress_report /home/odroid/ros_workspace/rosmake_workspace/image_zeromq_to_ros/build/CMakeFiles/CMakeTmp/CMakeFiles 1
Building C object CMakeFiles/cmTryCompileExec956581533.dir/CheckSymbolExists.c.o
/usr/bin/cc    -o CMakeFiles/cmTryCompileExec956581533.dir/CheckSymbolExists.c.o   -c /home/odroid/ros_workspace/rosmake_workspace/image_zeromq_to_ros/build/CMakeFiles/CMakeTmp/CheckSymbolExists.c
Linking C executable cmTryCompileExec956581533
/usr/bin/cmake -E cmake_link_script CMakeFiles/cmTryCompileExec956581533.dir/link.txt --verbose=1
/usr/bin/cc         CMakeFiles/cmTryCompileExec956581533.dir/CheckSymbolExists.c.o  -o cmTryCompileExec956581533 -rdynamic 
CMakeFiles/cmTryCompileExec956581533.dir/CheckSymbolExists.c.o: In function `main':
CheckSymbolExists.c:(.text+0xe): undefined reference to `pthread_create'
CheckSymbolExists.c:(.text+0x12): undefined reference to `pthread_create'
collect2: error: ld returned 1 exit status
make[2]: Leaving directory `/home/odroid/ros_workspace/rosmake_workspace/image_zeromq_to_ros/build/CMakeFiles/CMakeTmp'
make[2]: *** [cmTryCompileExec956581533] Error 1
make[1]: Leaving directory `/home/odroid/ros_workspace/rosmake_workspace/image_zeromq_to_ros/build/CMakeFiles/CMakeTmp'
make[1]: *** [cmTryCompileExec956581533/fast] Error 2

File /home/odroid/ros_workspace/rosmake_workspace/image_zeromq_to_ros/build/CMakeFiles/CMakeTmp/CheckSymbolExists.c:
/* */
#include <pthread.h>

int main(int argc, char** argv)
{
  (void)argv;
#ifndef pthread_create
  return ((int*)(&pthread_create))[argc];
#else
  (void)argc;
  return 0;
#endif
}

Determining if the function pthread_create exists in the pthreads failed with the following output:
Change Dir: /home/odroid/ros_workspace/rosmake_workspace/image_zeromq_to_ros/build/CMakeFiles/CMakeTmp

Run Build Command:/usr/bin/make "cmTryCompileExec2570717071/fast"
make[1]: Entering directory `/home/odroid/ros_workspace/rosmake_workspace/image_zeromq_to_ros/build/CMakeFiles/CMakeTmp'
/usr/bin/make -f CMakeFiles/cmTryCompileExec2570717071.dir/build.make CMakeFiles/cmTryCompileExec2570717071.dir/build
make[2]: Entering directory `/home/odroid/ros_workspace/rosmake_workspace/image_zeromq_to_ros/build/CMakeFiles/CMakeTmp'
/usr/bin/cmake -E cmake_progress_report /home/odroid/ros_workspace/rosmake_workspace/image_zeromq_to_ros/build/CMakeFiles/CMakeTmp/CMakeFiles 1
Building C object CMakeFiles/cmTryCompileExec2570717071.dir/CheckFunctionExists.c.o
/usr/bin/cc   -DCHECK_FUNCTION_EXISTS=pthread_create   -o CMakeFiles/cmTryCompileExec2570717071.dir/CheckFunctionExists.c.o   -c /usr/share/cmake-2.8/Modules/CheckFunctionExists.c
Linking C executable cmTryCompileExec2570717071
/usr/bin/cmake -E cmake_link_script CMakeFiles/cmTryCompileExec2570717071.dir/link.txt --verbose=1
/usr/bin/cc     -DCHECK_FUNCTION_EXISTS=pthread_create    CMakeFiles/cmTryCompileExec2570717071.dir/CheckFunctionExists.c.o  -o cmTryCompileExec2570717071 -rdynamic -lpthreads 
/usr/bin/ld: cannot find -lpthreads
collect2: error: ld returned 1 exit status
make[2]: Leaving directory `/home/odroid/ros_workspace/rosmake_workspace/image_zeromq_to_ros/build/CMakeFiles/CMakeTmp'
make[2]: *** [cmTryCompileExec2570717071] Error 1
make[1]: Leaving directory `/home/odroid/ros_workspace/rosmake_workspace/image_zeromq_to_ros/build/CMakeFiles/CMakeTmp'
make[1]: *** [cmTryCompileExec2570717071/fast] Error 2


